<?xml version="1.0" encoding="UTF-8"?>
<!-- Generated by org.testng.reporters.JUnitXMLReporter -->
<testsuite ignored="0" hostname="DESKTOP-A8CGM4F" failures="0" tests="11" name="RegistrationTest-19" time="204.161" errors="0" timestamp="2025-05-25T15:26:27 MSK">
  <testcase classname="smoke.test.Registration" name="@BeforeClass beforeClass" time="202.894">
    <failure type="org.openqa.selenium.TimeoutException" message="java.net.http.HttpTimeoutException: request timed out
Build info: version: &amp;apos;4.32.0&amp;apos;, revision: &amp;apos;d17c8aa950&amp;apos;
System info: os.name: &amp;apos;Windows 11&amp;apos;, os.arch: &amp;apos;amd64&amp;apos;, os.version: &amp;apos;10.0&amp;apos;, java.version: &amp;apos;21.0.7&amp;apos;
Driver info: org.openqa.selenium.edge.EdgeDriver
Command: [88f6007d677989ee75449552fa596fa9, maximizeCurrentWindow {}]
Capabilities {acceptInsecureCerts: false, browserName: MicrosoftEdge, browserVersion: 136.0.3240.92, fedcm:accounts: true, ms:edgeOptions: {debuggerAddress: localhost:54415}, msedge: {msedgedriverVersion: 136.0.3240.64 (e3a39d3fa3c6..., userDataDir: C:\Users\lexan\AppData\Loca...}, networkConnectionEnabled: false, pageLoadStrategy: normal, platformName: windows, proxy: Proxy(), se:cdp: ws://localhost:54415/devtoo..., se:cdpVersion: 136.0.3240.92, setWindowRect: true, strictFileInteractability: false, timeouts: {implicit: 0, pageLoad: 300000, script: 30000}, unhandledPromptBehavior: dismiss and notify, webauthn:extension:credBlob: true, webauthn:extension:largeBlob: true, webauthn:extension:minPinLength: true, webauthn:extension:prf: true, webauthn:virtualAuthenticators: true}
Session ID: 88f6007d677989ee75449552fa596fa9">
      <![CDATA[org.openqa.selenium.TimeoutException: java.net.http.HttpTimeoutException: request timed out
Build info: version: '4.32.0', revision: 'd17c8aa950'
System info: os.name: 'Windows 11', os.arch: 'amd64', os.version: '10.0', java.version: '21.0.7'
Driver info: org.openqa.selenium.edge.EdgeDriver
Command: [88f6007d677989ee75449552fa596fa9, maximizeCurrentWindow {}]
Capabilities {acceptInsecureCerts: false, browserName: MicrosoftEdge, browserVersion: 136.0.3240.92, fedcm:accounts: true, ms:edgeOptions: {debuggerAddress: localhost:54415}, msedge: {msedgedriverVersion: 136.0.3240.64 (e3a39d3fa3c6..., userDataDir: C:\Users\lexan\AppData\Loca...}, networkConnectionEnabled: false, pageLoadStrategy: normal, platformName: windows, proxy: Proxy(), se:cdp: ws://localhost:54415/devtoo..., se:cdpVersion: 136.0.3240.92, setWindowRect: true, strictFileInteractability: false, timeouts: {implicit: 0, pageLoad: 300000, script: 30000}, unhandledPromptBehavior: dismiss and notify, webauthn:extension:credBlob: true, webauthn:extension:largeBlob: true, webauthn:extension:minPinLength: true, webauthn:extension:prf: true, webauthn:virtualAuthenticators: true}
Session ID: 88f6007d677989ee75449552fa596fa9
at org.openqa.selenium.remote.http.jdk.JdkHttpClient.execute0(JdkHttpClient.java:498)
at org.openqa.selenium.remote.http.AddSeleniumUserAgent.lambda$apply$0(AddSeleniumUserAgent.java:42)
at org.openqa.selenium.remote.http.Filter.lambda$andFinally$1(Filter.java:55)
at org.openqa.selenium.remote.http.jdk.JdkHttpClient.lambda$executeAsync$2(JdkHttpClient.java:387)
at java.base/java.util.concurrent.Executors$RunnableAdapter.call(Executors.java:572)
at java.base/java.util.concurrent.FutureTask.run(FutureTask.java:317)
at java.base/java.util.concurrent.ThreadPoolExecutor.runWorker(ThreadPoolExecutor.java:1144)
at java.base/java.util.concurrent.ThreadPoolExecutor$Worker.run(ThreadPoolExecutor.java:642)
at java.base/java.lang.Thread.run(Thread.java:1583)
Caused by: java.net.http.HttpTimeoutException: request timed out
at java.net.http/jdk.internal.net.http.HttpClientImpl.send(HttpClientImpl.java:949)
at java.net.http/jdk.internal.net.http.HttpClientFacade.send(HttpClientFacade.java:133)
at org.openqa.selenium.remote.http.jdk.JdkHttpClient.execute0(JdkHttpClient.java:459)
... 8 more
]]>
    </failure>
  </testcase> <!-- @BeforeClass beforeClass -->
  <testcase classname="smoke.test.Registration" name="@AfterClass TearDown" time="0.0">
    <skipped/>
  </testcase> <!-- @AfterClass TearDown -->
  <testcase classname="smoke.test.Registration" name="loadPage" time="0.0">
    <skipped/>
  </testcase> <!-- loadPage -->
  <testcase classname="smoke.test.Registration" name="auth" time="0.0">
    <skipped/>
  </testcase> <!-- auth -->
  <testcase classname="smoke.test.Registration" name="RegistrationApplication" time="0.0">
    <skipped/>
  </testcase> <!-- RegistrationApplication -->
  <testcase classname="smoke.test.Registration" name="Step_1" time="0.0">
    <skipped/>
  </testcase> <!-- Step_1 -->
  <testcase classname="smoke.test.Registration" name="Step_2" time="0.0">
    <skipped/>
  </testcase> <!-- Step_2 -->
  <testcase classname="smoke.test.Registration" name="Step_3" time="0.0">
    <skipped/>
  </testcase> <!-- Step_3 -->
  <testcase classname="smoke.test.Registration" name="Step_4" time="0.0">
    <skipped/>
  </testcase> <!-- Step_4 -->
  <testcase classname="smoke.test.Registration" name="Step_5" time="0.0">
    <skipped/>
  </testcase> <!-- Step_5 -->
  <testcase classname="smoke.test.Registration" name="Step_6" time="0.0">
    <skipped/>
  </testcase> <!-- Step_6 -->
  <testcase classname="smoke.test.Registration" name="Step_7" time="0.0">
    <skipped/>
  </testcase> <!-- Step_7 -->
  <testcase classname="smoke.test.Registration" name="Step_8" time="0.0">
    <skipped/>
  </testcase> <!-- Step_8 -->
</testsuite> <!-- RegistrationTest-19 -->
